948f7562d1a3
*** Reading local file: /opt/airflow/logs/dag_id=de_course_v2.1/run_id=scheduled__2022-09-28T00:00:00+00:00/task_id=sessions_processing/attempt=1.log
[2022-09-28T17:32:52.570+0000] {taskinstance.py:1171} INFO - Dependencies all met for <TaskInstance: de_course_v2.1.sessions_processing scheduled__2022-09-28T00:00:00+00:00 [queued]>
[2022-09-28T17:32:52.577+0000] {taskinstance.py:1171} INFO - Dependencies all met for <TaskInstance: de_course_v2.1.sessions_processing scheduled__2022-09-28T00:00:00+00:00 [queued]>
[2022-09-28T17:32:52.578+0000] {taskinstance.py:1368} INFO - 
--------------------------------------------------------------------------------
[2022-09-28T17:32:52.579+0000] {taskinstance.py:1369} INFO - Starting attempt 1 of 1
[2022-09-28T17:32:52.579+0000] {taskinstance.py:1370} INFO - 
--------------------------------------------------------------------------------
[2022-09-28T17:32:52.588+0000] {taskinstance.py:1389} INFO - Executing <Task(PythonOperator): sessions_processing> on 2022-09-28 00:00:00+00:00
[2022-09-28T17:32:52.592+0000] {standard_task_runner.py:52} INFO - Started process 14915 to run task
[2022-09-28T17:32:52.595+0000] {standard_task_runner.py:79} INFO - Running: ['***', 'tasks', 'run', 'de_course_v2.1', 'sessions_processing', 'scheduled__2022-09-28T00:00:00+00:00', '--job-id', '118', '--raw', '--subdir', 'DAGS_FOLDER/de_course/dags/de_course_dag.py', '--cfg-path', '/tmp/tmp8eci5uy6', '--error-file', '/tmp/tmp30kj0s7h']
[2022-09-28T17:32:52.597+0000] {standard_task_runner.py:80} INFO - Job 118: Subtask sessions_processing
[2022-09-28T17:32:52.644+0000] {task_command.py:371} INFO - Running <TaskInstance: de_course_v2.1.sessions_processing scheduled__2022-09-28T00:00:00+00:00 [running]> on host 948f7562d1a3
[2022-09-28T17:32:52.689+0000] {taskinstance.py:1583} INFO - Exporting the following env vars:
AIRFLOW_CTX_DAG_OWNER=AGol
AIRFLOW_CTX_DAG_ID=de_course_v2.1
AIRFLOW_CTX_TASK_ID=sessions_processing
AIRFLOW_CTX_EXECUTION_DATE=2022-09-28T00:00:00+00:00
AIRFLOW_CTX_TRY_NUMBER=1
AIRFLOW_CTX_DAG_RUN_ID=scheduled__2022-09-28T00:00:00+00:00
[2022-09-28T17:32:53.745+0000] {logging_mixin.py:115} INFO - processing
[2022-09-28T17:32:53.760+0000] {logging_mixin.py:115} INFO - ok
[2022-09-28T17:32:53.767+0000] {logging_mixin.py:115} INFO - add to sql
[2022-09-28T17:32:56.840+0000] {logging_mixin.py:115} INFO - ok. add rows: 34722
[2022-09-28T17:32:56.842+0000] {logging_mixin.py:115} INFO - obtain from sql
[2022-09-28T17:33:05.997+0000] {logging_mixin.py:115} INFO - ok
[2022-09-28T17:33:06.005+0000] {logging_mixin.py:115} INFO - add s_id
[2022-09-28T17:33:07.191+0000] {logging_mixin.py:115} INFO - ok
[2022-09-28T17:33:07.193+0000] {logging_mixin.py:115} INFO - create pickle
[2022-09-28T17:33:07.251+0000] {logging_mixin.py:115} INFO - ok
[2022-09-28T17:33:07.317+0000] {python.py:173} INFO - Done. Returned value was: None
[2022-09-28T17:33:07.348+0000] {taskinstance.py:1412} INFO - Marking task as SUCCESS. dag_id=de_course_v2.1, task_id=sessions_processing, execution_date=20220928T000000, start_date=20220928T173252, end_date=20220928T173307
[2022-09-28T17:33:07.478+0000] {local_task_job.py:156} INFO - Task exited with return code 0
[2022-09-28T17:33:07.522+0000] {local_task_job.py:279} INFO - 0 downstream tasks scheduled from follow-on schedule check

