948f7562d1a3
*** Reading local file: /opt/airflow/logs/dag_id=de_course_v2.1/run_id=scheduled__2022-09-28T00:00:00+00:00/task_id=add_to_sql/attempt=1.log
[2022-09-28T17:33:07.919+0000] {taskinstance.py:1171} INFO - Dependencies all met for <TaskInstance: de_course_v2.1.add_to_sql scheduled__2022-09-28T00:00:00+00:00 [queued]>
[2022-09-28T17:33:07.929+0000] {taskinstance.py:1171} INFO - Dependencies all met for <TaskInstance: de_course_v2.1.add_to_sql scheduled__2022-09-28T00:00:00+00:00 [queued]>
[2022-09-28T17:33:07.930+0000] {taskinstance.py:1368} INFO - 
--------------------------------------------------------------------------------
[2022-09-28T17:33:07.931+0000] {taskinstance.py:1369} INFO - Starting attempt 1 of 1
[2022-09-28T17:33:07.931+0000] {taskinstance.py:1370} INFO - 
--------------------------------------------------------------------------------
[2022-09-28T17:33:07.939+0000] {taskinstance.py:1389} INFO - Executing <Task(PythonOperator): add_to_sql> on 2022-09-28 00:00:00+00:00
[2022-09-28T17:33:07.942+0000] {standard_task_runner.py:52} INFO - Started process 14939 to run task
[2022-09-28T17:33:07.945+0000] {standard_task_runner.py:79} INFO - Running: ['***', 'tasks', 'run', 'de_course_v2.1', 'add_to_sql', 'scheduled__2022-09-28T00:00:00+00:00', '--job-id', '120', '--raw', '--subdir', 'DAGS_FOLDER/de_course/dags/de_course_dag.py', '--cfg-path', '/tmp/tmpjfkuy2qc', '--error-file', '/tmp/tmpy873yg11']
[2022-09-28T17:33:07.947+0000] {standard_task_runner.py:80} INFO - Job 120: Subtask add_to_sql
[2022-09-28T17:33:07.985+0000] {task_command.py:371} INFO - Running <TaskInstance: de_course_v2.1.add_to_sql scheduled__2022-09-28T00:00:00+00:00 [running]> on host 948f7562d1a3
[2022-09-28T17:33:08.031+0000] {taskinstance.py:1583} INFO - Exporting the following env vars:
AIRFLOW_CTX_DAG_OWNER=AGol
AIRFLOW_CTX_DAG_ID=de_course_v2.1
AIRFLOW_CTX_TASK_ID=add_to_sql
AIRFLOW_CTX_EXECUTION_DATE=2022-09-28T00:00:00+00:00
AIRFLOW_CTX_TRY_NUMBER=1
AIRFLOW_CTX_DAG_RUN_ID=scheduled__2022-09-28T00:00:00+00:00
[2022-09-28T17:33:10.070+0000] {logging_mixin.py:115} INFO - join tables
[2022-09-28T17:33:10.204+0000] {logging_mixin.py:115} INFO - ok
[2022-09-28T17:33:10.285+0000] {logging_mixin.py:115} INFO - deleted rows: 14
[2022-09-28T17:33:10.287+0000] {logging_mixin.py:115} INFO - add to sql
[2022-09-28T17:33:23.108+0000] {logging_mixin.py:115} INFO - ok. add rows: 338474
[2022-09-28T17:33:23.112+0000] {logging_mixin.py:115} INFO - deleting pickles
[2022-09-28T17:33:23.133+0000] {logging_mixin.py:115} INFO - ok
[2022-09-28T17:33:23.180+0000] {python.py:173} INFO - Done. Returned value was: None
[2022-09-28T17:33:23.193+0000] {taskinstance.py:1412} INFO - Marking task as SUCCESS. dag_id=de_course_v2.1, task_id=add_to_sql, execution_date=20220928T000000, start_date=20220928T173307, end_date=20220928T173323
[2022-09-28T17:33:23.296+0000] {local_task_job.py:156} INFO - Task exited with return code 0
[2022-09-28T17:33:23.345+0000] {local_task_job.py:279} INFO - 0 downstream tasks scheduled from follow-on schedule check

